\BOOKMARK [0][-]{chapter*.2}{List of Figures}{}% 1
\BOOKMARK [0][-]{chapter*.3}{List of Tables}{}% 2
\BOOKMARK [0][-]{chapter.1}{ABOUT THE PROGRAM}{}% 3
\BOOKMARK [0][-]{chapter.2}{DATA}{}% 4
\BOOKMARK [1][-]{section.2.1}{Precipitation and Temperature data}{chapter.2}% 5
\BOOKMARK [1][-]{section.2.2}{Erosion data \(BriefData\)}{chapter.2}% 6
\BOOKMARK [1][-]{section.2.3}{Extra data}{chapter.2}% 7
\BOOKMARK [1][-]{section.2.4}{Using the data}{chapter.2}% 8
\BOOKMARK [0][-]{chapter.3}{The PROGRAM}{}% 9
\BOOKMARK [1][-]{section.3.1}{Interface}{chapter.3}% 10
\BOOKMARK [1][-]{section.3.2}{Data panel}{chapter.3}% 11
\BOOKMARK [1][-]{section.3.3}{Options panel}{chapter.3}% 12
\BOOKMARK [2][-]{subsection.3.3.1}{Country borders}{section.3.3}% 13
\BOOKMARK [2][-]{subsection.3.3.2}{Statistic values}{section.3.3}% 14
\BOOKMARK [2][-]{subsection.3.3.3}{Cosmo sample}{section.3.3}% 15
\BOOKMARK [2][-]{subsection.3.3.4}{LGM ice cover}{section.3.3}% 16
\BOOKMARK [2][-]{subsection.3.3.5}{Color-bar type}{section.3.3}% 17
\BOOKMARK [2][-]{subsection.3.3.6}{Plot area}{section.3.3}% 18
\BOOKMARK [1][-]{section.3.4}{Real-time map}{chapter.3}% 19
\BOOKMARK [1][-]{section.3.5}{Number of figures panel and Run}{chapter.3}% 20
\BOOKMARK [1][-]{section.3.6}{Save panel}{chapter.3}% 21
\BOOKMARK [1][-]{section.3.7}{None Erosion Map panel}{chapter.3}% 22
\BOOKMARK [2][-]{subsection.3.7.1}{In one figure / In separated figures}{section.3.7}% 23
\BOOKMARK [2][-]{subsection.3.7.2}{Precipitation or Temperature map}{section.3.7}% 24
\BOOKMARK [2][-]{subsection.3.7.3}{Precipitation or Temperature difference map}{section.3.7}% 25
\BOOKMARK [1][-]{section.3.8}{Erosion profile panel}{chapter.3}% 26
\BOOKMARK [2][-]{subsection.3.8.1}{Select erosion profile based on statistic}{section.3.8}% 27
\BOOKMARK [2][-]{subsection.3.8.2}{Other erosion profile sub-panels}{section.3.8}% 28
\BOOKMARK [1][-]{section.3.9}{What do you see in an erosion profile}{chapter.3}% 29
\BOOKMARK [2][-]{subsection.3.9.1}{River profile elevation \(top left subplot\)}{section.3.9}% 30
\BOOKMARK [2][-]{subsection.3.9.2}{Lateral shift in knickpoint position \(top right subplot\)}{section.3.9}% 31
\BOOKMARK [2][-]{subsection.3.9.3}{Mean catchment erosion rate \(bottom left subplot\)}{section.3.9}% 32
\BOOKMARK [2][-]{subsection.3.9.4}{Change in mean river erosion rate \(middle right subplot\)}{section.3.9}% 33
\BOOKMARK [2][-]{subsection.3.9.5}{Change in mean cosmogenic erosion rate \(bottom right subplot\)}{section.3.9}% 34
\BOOKMARK [1][-]{section.3.10}{Erosion map panel}{chapter.3}% 35
\BOOKMARK [2][-]{subsection.3.10.1}{Map category / @ what point}{section.3.10}% 36
\BOOKMARK [1][-]{section.3.11}{Plot Histogram panel}{chapter.3}% 37
\BOOKMARK [2][-]{subsection.3.11.1}{Response time histogram}{section.3.11}% 38
\BOOKMARK [2][-]{subsection.3.11.2}{Erosion rate histogram}{section.3.11}% 39
\BOOKMARK [0][-]{chapter.4}{APPENDIX}{}% 40
\BOOKMARK [1][-]{section.4.1}{BriefData header}{chapter.4}% 41
